{
  "RSpec": {
    "coverage": {
      "/Users/janan/Development/code/Mod0/tic-tac-toe-rb/lib/tic_tac_toe.rb": [
        null,
        null,
        1,
        null,
        null,
        null,
        null,
        null,
        null,
        null,
        null,
        null,
        1,
        23,
        23,
        23,
        23,
        23,
        null,
        null,
        1,
        23,
        null,
        null,
        1,
        21,
        null,
        null,
        null,
        1,
        176,
        134,
        null,
        42,
        null,
        null,
        null,
        1,
        23,
        19,
        null,
        null,
        null,
        1,
        20,
        20,
        180,
        31,
        null,
        null,
        20,
        null,
        null,
        1,
        19,
        null,
        null,
        1,
        19,
        19,
        19,
        19,
        18,
        18,
        1,
        1,
        1,
        1,
        null,
        null,
        null,
        1,
        77,
        456,
        456,
        456,
        456,
        456,
        456,
        456,
        39,
        null,
        null,
        null,
        null,
        1,
        183,
        null,
        null,
        1,
        29,
        7,
        null,
        22,
        null,
        null,
        null,
        1,
        21,
        10,
        null,
        null,
        null,
        null,
        1,
        12,
        11,
        null,
        null,
        null,
        1,
        12,
        17,
        null,
        12,
        5,
        5,
        7,
        3,
        null,
        null
      ]
    },
    "timestamp": 1647366205
  }
}
